[+] Containers:
 |- [+] Container: /Game/Spawner
 |   |- [+] ActorDescs:
 |   |   |- Guid:03920DF94EEFC9F86CC66185D32A3DA1 BaseClass: NativeClass:/Script/Engine.StaticMeshActor Name:StaticMeshActor_UAID_A4AE111137DC54FB00_1240666663 Label:SM_SkySphere SpatiallyLoaded:0 Bounds:IsValid=true, Min=(X=-1638400.000 Y=-1638400.000 Z=-1638400.000), Max=(X=1638400.000 Y=1638400.000 Z=1638400.000) RuntimeGrid:None EditorOnly:0 RuntimeOnly:0 HLODRelevant:0 ListedInSceneOutliner:1 IsMainWorldOnly:0 FolderPath:Lighting FolderGuid:B7E9BD5B45A652654791988DEF54CCEB
 |   |   |- Guid:1A8D00FF409DF6A5EDEBEF9B27AF11A6 BaseClass: NativeClass:/Script/Engine.StaticMeshActor Name:StaticMeshActor_UAID_F46ADD8BD90B38D401_2048172888 Label:Cube SpatiallyLoaded:1 Bounds:IsValid=true, Min=(X=-100.000 Y=-250.000 Z=-10.000), Max=(X=900.000 Y=250.000 Z=10.000) RuntimeGrid:None EditorOnly:0 RuntimeOnly:0 HLODRelevant:0 ListedInSceneOutliner:1 IsMainWorldOnly:0 FolderPath:Machine FolderGuid:AEA97ECC4C1AB41C3770DAAFEDCB1E43
 |   |   |- Guid:1D3D26F04B6DC10BEFB5B69E5CF914C8 BaseClass: NativeClass:/Script/Engine.VolumetricCloud Name:VolumetricCloud_UAID_A85E45CFE40401D200_1470381760 Label:VolumetricCloud SpatiallyLoaded:0 Bounds:IsValid=true, Min=(X=0.000 Y=0.000 Z=0.000), Max=(X=0.000 Y=0.000 Z=0.000) RuntimeGrid:None EditorOnly:0 RuntimeOnly:0 HLODRelevant:0 ListedInSceneOutliner:1 IsMainWorldOnly:0 FolderPath:Lighting FolderGuid:B7E9BD5B45A652654791988DEF54CCEB
 |   |   |- Guid:1DE8D7AC4103A2EABA11649C7FCF8ACA BaseClass: NativeClass:/Script/Engine.SkyLight Name:SkyLight_UAID_A85E45CFE40401D200_1470380759 Label:SkyLight SpatiallyLoaded:0 Bounds:IsValid=true, Min=(X=0.000 Y=0.000 Z=0.000), Max=(X=0.000 Y=0.000 Z=0.000) RuntimeGrid:None EditorOnly:0 RuntimeOnly:0 HLODRelevant:0 ListedInSceneOutliner:1 IsMainWorldOnly:0 FolderPath:Lighting FolderGuid:B7E9BD5B45A652654791988DEF54CCEB
 |   |   |- Guid:218E3B124735712D7EF272B4FB8E7FF6 BaseClass: NativeClass:/Script/Landscape.Landscape Name:Landscape_UAID_A85E45CFE404FBD100_1221515703 Label:Landscape SpatiallyLoaded:0 Bounds:IsValid=true, Min=(X=-100800.000 Y=-100800.000 Z=100.000), Max=(X=-100800.000 Y=-100800.000 Z=100.000) RuntimeGrid:None EditorOnly:0 RuntimeOnly:0 HLODRelevant:0 ListedInSceneOutliner:1 IsMainWorldOnly:0
 |   |   |- Guid:2CE12F874AA39D020A0F4BA5739BD305 BaseClass: NativeClass:/Script/Engine.SkyAtmosphere Name:SkyAtmosphere_UAID_A85E45CFE40401D200_1470382762 Label:SkyAtmosphere SpatiallyLoaded:0 Bounds:IsValid=true, Min=(X=0.000 Y=0.000 Z=0.000), Max=(X=0.000 Y=0.000 Z=0.000) RuntimeGrid:None EditorOnly:0 RuntimeOnly:0 HLODRelevant:0 ListedInSceneOutliner:1 IsMainWorldOnly:0 FolderPath:Lighting FolderGuid:B7E9BD5B45A652654791988DEF54CCEB
 |   |   |- Guid:3B79C7D3441832DEA4B054BC32D86BE9 BaseClass: NativeClass:/Script/Engine.Actor Name:Actor_UAID_F46ADD8BD90B40D401_1946814295 Label:ObjectPool SpatiallyLoaded:1 Bounds:IsValid=true, Min=(X=440.000 Y=0.000 Z=430.000), Max=(X=440.000 Y=0.000 Z=430.000) RuntimeGrid:None EditorOnly:0 RuntimeOnly:0 HLODRelevant:0 ListedInSceneOutliner:1 IsMainWorldOnly:0 FolderPath:Pooling FolderGuid:54405624421A1A66624F20849900DBCE
 |   |   |- Guid:5368FABB47D6D9580DAECA8B0417BF92 BaseClass: NativeClass:/Script/Engine.WorldDataLayers Name:WorldDataLayers Label:WorldDataLayers-1 SpatiallyLoaded:0 Bounds:Invalid RuntimeGrid:None EditorOnly:0 RuntimeOnly:0 HLODRelevant:0 ListedInSceneOutliner:1 IsMainWorldOnly:1
 |   |   |- Guid:5AD6B4A74062EAB88727BCA98C0CD085 BaseClass: NativeClass:/Script/Engine.TriggerBox Name:TriggerBox_UAID_F46ADD8BD90BFED501_1424519791 Label:TriggerBox SpatiallyLoaded:1 Bounds:IsValid=true, Min=(X=-620.000 Y=-490.000 Z=-190.000), Max=(X=380.000 Y=510.000 Z=-90.000) RuntimeGrid:None EditorOnly:0 RuntimeOnly:0 HLODRelevant:0 ListedInSceneOutliner:1 IsMainWorldOnly:0
 |   |   |- Guid:84E7319E4EEE167D3CD454B73471EFC5 BaseClass: NativeClass:/Script/Engine.Pawn Name:Pawn_UAID_F46ADD8BD90B01D601_1776692322 Label:Pawn SpatiallyLoaded:1 Bounds:IsValid=true, Min=(X=250.000 Y=-20.000 Z=-30.000), Max=(X=250.000 Y=-20.000 Z=-30.000) RuntimeGrid:None EditorOnly:0 RuntimeOnly:0 HLODRelevant:0 ListedInSceneOutliner:1 IsMainWorldOnly:0 FolderPath:Pooling FolderGuid:54405624421A1A66624F20849900DBCE
 |   |   |- Guid:8ABAF99A481C4708B4E0909ED3E005B8 BaseClass: NativeClass:/Script/Engine.StaticMeshActor Name:StaticMeshActor_UAID_F46ADD8BD90BFFD501_2037899967 Label:Cube3 SpatiallyLoaded:1 Bounds:IsValid=true, Min=(X=-100.000 Y=-270.000 Z=-10.000), Max=(X=900.000 Y=-250.000 Z=690.000) RuntimeGrid:None EditorOnly:0 RuntimeOnly:0 HLODRelevant:0 ListedInSceneOutliner:1 IsMainWorldOnly:0 FolderPath:Machine FolderGuid:AEA97ECC4C1AB41C3770DAAFEDCB1E43
 |   |   |- Guid:AAAC6B5742760A58C2206DB37E44683C BaseClass: NativeClass:/Script/Engine.DirectionalLight Name:DirectionalLight_UAID_A85E45CFE40401D200_1470382761 Label:DirectionalLight SpatiallyLoaded:0 Bounds:IsValid=true, Min=(X=-4398046511104.000 Y=-4398046511104.000 Z=-4398046511104.000), Max=(X=4398046511104.000 Y=4398046511104.000 Z=4398046511104.000) RuntimeGrid:None EditorOnly:0 RuntimeOnly:0 HLODRelevant:0 ListedInSceneOutliner:1 IsMainWorldOnly:0 FolderPath:Lighting FolderGuid:B7E9BD5B45A652654791988DEF54CCEB
 |   |   |- Guid:B86BB2D74ED35E4D8FB968BDE46F9DA3 BaseClass: NativeClass:/Script/Engine.StaticMeshActor Name:StaticMeshActor_UAID_F46ADD8BD90B00D601_1155079145 Label:Cube2 SpatiallyLoaded:1 Bounds:IsValid=true, Min=(X=580.000 Y=-250.000 Z=110.000), Max=(X=1080.000 Y=250.000 Z=690.000) RuntimeGrid:None EditorOnly:0 RuntimeOnly:0 HLODRelevant:0 ListedInSceneOutliner:1 IsMainWorldOnly:0 FolderPath:Machine FolderGuid:AEA97ECC4C1AB41C3770DAAFEDCB1E43
 |   |   |- Guid:B8EA820644542DC2128078AAF082FB75 BaseClass: NativeClass:/Script/Spawning.APoolable Name:APoolable_UAID_F46ADD8BD90B40D401_1515792298 Label:APoolable SpatiallyLoaded:1 Bounds:IsValid=true, Min=(X=245.000 Y=-695.000 Z=95.000), Max=(X=295.000 Y=-645.000 Z=105.000) RuntimeGrid:None EditorOnly:0 RuntimeOnly:0 HLODRelevant:0 ListedInSceneOutliner:1 IsMainWorldOnly:0 FolderPath:Pooling FolderGuid:54405624421A1A66624F20849900DBCE
 |   |   |- Guid:C2B8425D4D3DD09AF1FA4D8A6941A18F BaseClass: NativeClass:/Script/Engine.StaticMeshActor Name:StaticMeshActor_UAID_F46ADD8BD90B3ED401_2069893945 Label:Pusher SpatiallyLoaded:1 Bounds:IsValid=true, Min=(X=410.000 Y=-250.000 Z=10.000), Max=(X=910.000 Y=250.000 Z=110.000) RuntimeGrid:None EditorOnly:0 RuntimeOnly:0 HLODRelevant:0 ListedInSceneOutliner:1 IsMainWorldOnly:0 FolderPath:Machine FolderGuid:AEA97ECC4C1AB41C3770DAAFEDCB1E43
 |   |   |- Guid:CEAE2E304AF6449295AC5D9FB55D1935 BaseClass: NativeClass:/Script/Engine.StaticMeshActor Name:StaticMeshActor_UAID_F46ADD8BD90B00D601_1136691144 Label:Cube4 SpatiallyLoaded:1 Bounds:IsValid=true, Min=(X=-100.000 Y=250.000 Z=-10.000), Max=(X=900.000 Y=270.000 Z=690.000) RuntimeGrid:None EditorOnly:0 RuntimeOnly:0 HLODRelevant:0 ListedInSceneOutliner:1 IsMainWorldOnly:0 FolderPath:Machine FolderGuid:AEA97ECC4C1AB41C3770DAAFEDCB1E43
 |   |   |- Guid:D2D869CD4D0776C18C0DE985BF221385 BaseClass: NativeClass:/Script/Engine.CameraActor Name:CameraActor_UAID_F46ADD8BD90BC4D401_1452943527 Label:CameraActor SpatiallyLoaded:1 Bounds:IsValid=true, Min=(X=-363.720 Y=-2.105 Z=585.507), Max=(X=-363.720 Y=-2.105 Z=585.507) RuntimeGrid:None EditorOnly:0 RuntimeOnly:0 HLODRelevant:0 ListedInSceneOutliner:1 IsMainWorldOnly:0
 |   |   |- Guid:D3FB7383421AAEFD3DB6F8B1E415A9FE BaseClass: NativeClass:/Script/Engine.ExponentialHeightFog Name:ExponentialHeightFog_UAID_A85E45CFE40401D200_1470382763 Label:ExponentialHeightFog SpatiallyLoaded:0 Bounds:IsValid=true, Min=(X=-5600.000 Y=-50.000 Z=-6850.000), Max=(X=-5600.000 Y=-50.000 Z=-6850.000) RuntimeGrid:None EditorOnly:0 RuntimeOnly:0 HLODRelevant:0 ListedInSceneOutliner:1 IsMainWorldOnly:0 FolderPath:Lighting FolderGuid:B7E9BD5B45A652654791988DEF54CCEB
 |   |- [+] Clusters:
 |   |   |- [+] [  0]
 |   |   |   |- Guid:03920DF94EEFC9F86CC66185D32A3DA1 BaseClass: NativeClass:/Script/Engine.StaticMeshActor Name:StaticMeshActor_UAID_A4AE111137DC54FB00_1240666663 Label:SM_SkySphere SpatiallyLoaded:0 Bounds:IsValid=true, Min=(X=-1638400.000 Y=-1638400.000 Z=-1638400.000), Max=(X=1638400.000 Y=1638400.000 Z=1638400.000) RuntimeGrid:None EditorOnly:0 RuntimeOnly:0 HLODRelevant:0 ListedInSceneOutliner:1 IsMainWorldOnly:0 FolderPath:Lighting FolderGuid:B7E9BD5B45A652654791988DEF54CCEB
 |   |   |- [+] [  1]
 |   |   |   |- Guid:1A8D00FF409DF6A5EDEBEF9B27AF11A6 BaseClass: NativeClass:/Script/Engine.StaticMeshActor Name:StaticMeshActor_UAID_F46ADD8BD90B38D401_2048172888 Label:Cube SpatiallyLoaded:1 Bounds:IsValid=true, Min=(X=-100.000 Y=-250.000 Z=-10.000), Max=(X=900.000 Y=250.000 Z=10.000) RuntimeGrid:None EditorOnly:0 RuntimeOnly:0 HLODRelevant:0 ListedInSceneOutliner:1 IsMainWorldOnly:0 FolderPath:Machine FolderGuid:AEA97ECC4C1AB41C3770DAAFEDCB1E43
 |   |   |- [+] [  2]
 |   |   |   |- Guid:1D3D26F04B6DC10BEFB5B69E5CF914C8 BaseClass: NativeClass:/Script/Engine.VolumetricCloud Name:VolumetricCloud_UAID_A85E45CFE40401D200_1470381760 Label:VolumetricCloud SpatiallyLoaded:0 Bounds:IsValid=true, Min=(X=0.000 Y=0.000 Z=0.000), Max=(X=0.000 Y=0.000 Z=0.000) RuntimeGrid:None EditorOnly:0 RuntimeOnly:0 HLODRelevant:0 ListedInSceneOutliner:1 IsMainWorldOnly:0 FolderPath:Lighting FolderGuid:B7E9BD5B45A652654791988DEF54CCEB
 |   |   |- [+] [  3]
 |   |   |   |- Guid:1DE8D7AC4103A2EABA11649C7FCF8ACA BaseClass: NativeClass:/Script/Engine.SkyLight Name:SkyLight_UAID_A85E45CFE40401D200_1470380759 Label:SkyLight SpatiallyLoaded:0 Bounds:IsValid=true, Min=(X=0.000 Y=0.000 Z=0.000), Max=(X=0.000 Y=0.000 Z=0.000) RuntimeGrid:None EditorOnly:0 RuntimeOnly:0 HLODRelevant:0 ListedInSceneOutliner:1 IsMainWorldOnly:0 FolderPath:Lighting FolderGuid:B7E9BD5B45A652654791988DEF54CCEB
 |   |   |- [+] [  4]
 |   |   |   |- Guid:218E3B124735712D7EF272B4FB8E7FF6 BaseClass: NativeClass:/Script/Landscape.Landscape Name:Landscape_UAID_A85E45CFE404FBD100_1221515703 Label:Landscape SpatiallyLoaded:0 Bounds:IsValid=true, Min=(X=-100800.000 Y=-100800.000 Z=100.000), Max=(X=-100800.000 Y=-100800.000 Z=100.000) RuntimeGrid:None EditorOnly:0 RuntimeOnly:0 HLODRelevant:0 ListedInSceneOutliner:1 IsMainWorldOnly:0
 |   |   |- [+] [  5]
 |   |   |   |- Guid:2CE12F874AA39D020A0F4BA5739BD305 BaseClass: NativeClass:/Script/Engine.SkyAtmosphere Name:SkyAtmosphere_UAID_A85E45CFE40401D200_1470382762 Label:SkyAtmosphere SpatiallyLoaded:0 Bounds:IsValid=true, Min=(X=0.000 Y=0.000 Z=0.000), Max=(X=0.000 Y=0.000 Z=0.000) RuntimeGrid:None EditorOnly:0 RuntimeOnly:0 HLODRelevant:0 ListedInSceneOutliner:1 IsMainWorldOnly:0 FolderPath:Lighting FolderGuid:B7E9BD5B45A652654791988DEF54CCEB
 |   |   |- [+] [  6]
 |   |   |   |- Guid:3B79C7D3441832DEA4B054BC32D86BE9 BaseClass: NativeClass:/Script/Engine.Actor Name:Actor_UAID_F46ADD8BD90B40D401_1946814295 Label:ObjectPool SpatiallyLoaded:1 Bounds:IsValid=true, Min=(X=440.000 Y=0.000 Z=430.000), Max=(X=440.000 Y=0.000 Z=430.000) RuntimeGrid:None EditorOnly:0 RuntimeOnly:0 HLODRelevant:0 ListedInSceneOutliner:1 IsMainWorldOnly:0 FolderPath:Pooling FolderGuid:54405624421A1A66624F20849900DBCE
 |   |   |   |- Guid:84E7319E4EEE167D3CD454B73471EFC5 BaseClass: NativeClass:/Script/Engine.Pawn Name:Pawn_UAID_F46ADD8BD90B01D601_1776692322 Label:Pawn SpatiallyLoaded:1 Bounds:IsValid=true, Min=(X=250.000 Y=-20.000 Z=-30.000), Max=(X=250.000 Y=-20.000 Z=-30.000) RuntimeGrid:None EditorOnly:0 RuntimeOnly:0 HLODRelevant:0 ListedInSceneOutliner:1 IsMainWorldOnly:0 FolderPath:Pooling FolderGuid:54405624421A1A66624F20849900DBCE
 |   |   |   |- Guid:B8EA820644542DC2128078AAF082FB75 BaseClass: NativeClass:/Script/Spawning.APoolable Name:APoolable_UAID_F46ADD8BD90B40D401_1515792298 Label:APoolable SpatiallyLoaded:1 Bounds:IsValid=true, Min=(X=245.000 Y=-695.000 Z=95.000), Max=(X=295.000 Y=-645.000 Z=105.000) RuntimeGrid:None EditorOnly:0 RuntimeOnly:0 HLODRelevant:0 ListedInSceneOutliner:1 IsMainWorldOnly:0 FolderPath:Pooling FolderGuid:54405624421A1A66624F20849900DBCE
 |   |   |- [+] [  7]
 |   |   |   |- Guid:5368FABB47D6D9580DAECA8B0417BF92 BaseClass: NativeClass:/Script/Engine.WorldDataLayers Name:WorldDataLayers Label:WorldDataLayers-1 SpatiallyLoaded:0 Bounds:Invalid RuntimeGrid:None EditorOnly:0 RuntimeOnly:0 HLODRelevant:0 ListedInSceneOutliner:1 IsMainWorldOnly:1
 |   |   |- [+] [  8]
 |   |   |   |- Guid:5AD6B4A74062EAB88727BCA98C0CD085 BaseClass: NativeClass:/Script/Engine.TriggerBox Name:TriggerBox_UAID_F46ADD8BD90BFED501_1424519791 Label:TriggerBox SpatiallyLoaded:1 Bounds:IsValid=true, Min=(X=-620.000 Y=-490.000 Z=-190.000), Max=(X=380.000 Y=510.000 Z=-90.000) RuntimeGrid:None EditorOnly:0 RuntimeOnly:0 HLODRelevant:0 ListedInSceneOutliner:1 IsMainWorldOnly:0
 |   |   |- [+] [  9]
 |   |   |   |- Guid:8ABAF99A481C4708B4E0909ED3E005B8 BaseClass: NativeClass:/Script/Engine.StaticMeshActor Name:StaticMeshActor_UAID_F46ADD8BD90BFFD501_2037899967 Label:Cube3 SpatiallyLoaded:1 Bounds:IsValid=true, Min=(X=-100.000 Y=-270.000 Z=-10.000), Max=(X=900.000 Y=-250.000 Z=690.000) RuntimeGrid:None EditorOnly:0 RuntimeOnly:0 HLODRelevant:0 ListedInSceneOutliner:1 IsMainWorldOnly:0 FolderPath:Machine FolderGuid:AEA97ECC4C1AB41C3770DAAFEDCB1E43
 |   |   |- [+] [ 10]
 |   |   |   |- Guid:AAAC6B5742760A58C2206DB37E44683C BaseClass: NativeClass:/Script/Engine.DirectionalLight Name:DirectionalLight_UAID_A85E45CFE40401D200_1470382761 Label:DirectionalLight SpatiallyLoaded:0 Bounds:IsValid=true, Min=(X=-4398046511104.000 Y=-4398046511104.000 Z=-4398046511104.000), Max=(X=4398046511104.000 Y=4398046511104.000 Z=4398046511104.000) RuntimeGrid:None EditorOnly:0 RuntimeOnly:0 HLODRelevant:0 ListedInSceneOutliner:1 IsMainWorldOnly:0 FolderPath:Lighting FolderGuid:B7E9BD5B45A652654791988DEF54CCEB
 |   |   |- [+] [ 11]
 |   |   |   |- Guid:B86BB2D74ED35E4D8FB968BDE46F9DA3 BaseClass: NativeClass:/Script/Engine.StaticMeshActor Name:StaticMeshActor_UAID_F46ADD8BD90B00D601_1155079145 Label:Cube2 SpatiallyLoaded:1 Bounds:IsValid=true, Min=(X=580.000 Y=-250.000 Z=110.000), Max=(X=1080.000 Y=250.000 Z=690.000) RuntimeGrid:None EditorOnly:0 RuntimeOnly:0 HLODRelevant:0 ListedInSceneOutliner:1 IsMainWorldOnly:0 FolderPath:Machine FolderGuid:AEA97ECC4C1AB41C3770DAAFEDCB1E43
 |   |   |- [+] [ 12]
 |   |   |   |- Guid:C2B8425D4D3DD09AF1FA4D8A6941A18F BaseClass: NativeClass:/Script/Engine.StaticMeshActor Name:StaticMeshActor_UAID_F46ADD8BD90B3ED401_2069893945 Label:Pusher SpatiallyLoaded:1 Bounds:IsValid=true, Min=(X=410.000 Y=-250.000 Z=10.000), Max=(X=910.000 Y=250.000 Z=110.000) RuntimeGrid:None EditorOnly:0 RuntimeOnly:0 HLODRelevant:0 ListedInSceneOutliner:1 IsMainWorldOnly:0 FolderPath:Machine FolderGuid:AEA97ECC4C1AB41C3770DAAFEDCB1E43
 |   |   |- [+] [ 13]
 |   |   |   |- Guid:CEAE2E304AF6449295AC5D9FB55D1935 BaseClass: NativeClass:/Script/Engine.StaticMeshActor Name:StaticMeshActor_UAID_F46ADD8BD90B00D601_1136691144 Label:Cube4 SpatiallyLoaded:1 Bounds:IsValid=true, Min=(X=-100.000 Y=250.000 Z=-10.000), Max=(X=900.000 Y=270.000 Z=690.000) RuntimeGrid:None EditorOnly:0 RuntimeOnly:0 HLODRelevant:0 ListedInSceneOutliner:1 IsMainWorldOnly:0 FolderPath:Machine FolderGuid:AEA97ECC4C1AB41C3770DAAFEDCB1E43
 |   |   |- [+] [ 14]
 |   |   |   |- Guid:D2D869CD4D0776C18C0DE985BF221385 BaseClass: NativeClass:/Script/Engine.CameraActor Name:CameraActor_UAID_F46ADD8BD90BC4D401_1452943527 Label:CameraActor SpatiallyLoaded:1 Bounds:IsValid=true, Min=(X=-363.720 Y=-2.105 Z=585.507), Max=(X=-363.720 Y=-2.105 Z=585.507) RuntimeGrid:None EditorOnly:0 RuntimeOnly:0 HLODRelevant:0 ListedInSceneOutliner:1 IsMainWorldOnly:0
 |   |   |- [+] [ 15]
 |   |   |   |- Guid:D3FB7383421AAEFD3DB6F8B1E415A9FE BaseClass: NativeClass:/Script/Engine.ExponentialHeightFog Name:ExponentialHeightFog_UAID_A85E45CFE40401D200_1470382763 Label:ExponentialHeightFog SpatiallyLoaded:0 Bounds:IsValid=true, Min=(X=-5600.000 Y=-50.000 Z=-6850.000), Max=(X=-5600.000 Y=-50.000 Z=-6850.000) RuntimeGrid:None EditorOnly:0 RuntimeOnly:0 HLODRelevant:0 ListedInSceneOutliner:1 IsMainWorldOnly:0 FolderPath:Lighting FolderGuid:B7E9BD5B45A652654791988DEF54CCEB
 |- ContainerInstances:
 |- [+] MainContainer:
 |   |-        ID: 00000000000000000000000000000000
 |   |-  ParentID: 00000000000000000000000000000000
 |   |-    Bounds: IsValid=true, Min=(X=-620.000 Y=-695.000 Z=-190.000), Max=(X=1080.000 Y=510.000 Z=690.000)
 |   |- Transform: 0.000000,0.000000,0.000000|0.000000,0.000000,-0.000000|1.000000,1.000000,1.000000
 |   |- Container: /Game/Spawner
