[+] Containers:
 |- [+] Container: /Game/Spawner
 |   |- [+] ActorDescs:
 |   |   |- Guid:03920DF94EEFC9F86CC66185D32A3DA1 BaseClass: NativeClass:/Script/Engine.StaticMeshActor Name:StaticMeshActor_UAID_A4AE111137DC54FB00_1240666663 Label:SM_SkySphere SpatiallyLoaded:0 Bounds:IsValid=true, Min=(X=-1638400.000 Y=-1638400.000 Z=-1638400.000), Max=(X=1638400.000 Y=1638400.000 Z=1638400.000) RuntimeGrid:None EditorOnly:0 RuntimeOnly:0 HLODRelevant:0 ListedInSceneOutliner:1 IsMainWorldOnly:0 FolderPath:Lighting FolderGuid:B7E9BD5B45A652654791988DEF54CCEB
 |   |   |- Guid:1A8D00FF409DF6A5EDEBEF9B27AF11A6 BaseClass: NativeClass:/Script/Engine.StaticMeshActor Name:StaticMeshActor_UAID_F46ADD8BD90B38D401_2048172888 Label:Cube SpatiallyLoaded:1 Bounds:IsValid=true, Min=(X=-90.000 Y=-250.000 Z=-10.000), Max=(X=910.000 Y=250.000 Z=10.000) RuntimeGrid:None EditorOnly:0 RuntimeOnly:0 HLODRelevant:1 ListedInSceneOutliner:1 IsMainWorldOnly:0
 |   |   |- Guid:1D3D26F04B6DC10BEFB5B69E5CF914C8 BaseClass: NativeClass:/Script/Engine.VolumetricCloud Name:VolumetricCloud_UAID_A85E45CFE40401D200_1470381760 Label:VolumetricCloud SpatiallyLoaded:0 Bounds:IsValid=true, Min=(X=0.000 Y=0.000 Z=0.000), Max=(X=0.000 Y=0.000 Z=0.000) RuntimeGrid:None EditorOnly:0 RuntimeOnly:0 HLODRelevant:0 ListedInSceneOutliner:1 IsMainWorldOnly:0 FolderPath:Lighting FolderGuid:B7E9BD5B45A652654791988DEF54CCEB
 |   |   |- Guid:1DE8D7AC4103A2EABA11649C7FCF8ACA BaseClass: NativeClass:/Script/Engine.SkyLight Name:SkyLight_UAID_A85E45CFE40401D200_1470380759 Label:SkyLight SpatiallyLoaded:0 Bounds:IsValid=true, Min=(X=0.000 Y=0.000 Z=0.000), Max=(X=0.000 Y=0.000 Z=0.000) RuntimeGrid:None EditorOnly:0 RuntimeOnly:0 HLODRelevant:0 ListedInSceneOutliner:1 IsMainWorldOnly:0 FolderPath:Lighting FolderGuid:B7E9BD5B45A652654791988DEF54CCEB
 |   |   |- Guid:218E3B124735712D7EF272B4FB8E7FF6 BaseClass: NativeClass:/Script/Landscape.Landscape Name:Landscape_UAID_A85E45CFE404FBD100_1221515703 Label:Landscape SpatiallyLoaded:0 Bounds:IsValid=true, Min=(X=-100800.000 Y=-100800.000 Z=100.000), Max=(X=-100800.000 Y=-100800.000 Z=100.000) RuntimeGrid:None EditorOnly:0 RuntimeOnly:0 HLODRelevant:0 ListedInSceneOutliner:1 IsMainWorldOnly:0
 |   |   |- Guid:2CE12F874AA39D020A0F4BA5739BD305 BaseClass: NativeClass:/Script/Engine.SkyAtmosphere Name:SkyAtmosphere_UAID_A85E45CFE40401D200_1470382762 Label:SkyAtmosphere SpatiallyLoaded:0 Bounds:IsValid=true, Min=(X=0.000 Y=0.000 Z=0.000), Max=(X=0.000 Y=0.000 Z=0.000) RuntimeGrid:None EditorOnly:0 RuntimeOnly:0 HLODRelevant:0 ListedInSceneOutliner:1 IsMainWorldOnly:0 FolderPath:Lighting FolderGuid:B7E9BD5B45A652654791988DEF54CCEB
 |   |   |- Guid:3B79C7D3441832DEA4B054BC32D86BE9 BaseClass: NativeClass:/Script/Engine.Actor Name:Actor_UAID_F46ADD8BD90B40D401_1946814295 Label:Actor SpatiallyLoaded:1 Bounds:IsValid=true, Min=(X=-1020.000 Y=0.000 Z=90.000), Max=(X=-1020.000 Y=0.000 Z=90.000) RuntimeGrid:None EditorOnly:0 RuntimeOnly:0 HLODRelevant:0 ListedInSceneOutliner:1 IsMainWorldOnly:0
 |   |   |- Guid:5368FABB47D6D9580DAECA8B0417BF92 BaseClass: NativeClass:/Script/Engine.WorldDataLayers Name:WorldDataLayers Label:WorldDataLayers-1 SpatiallyLoaded:0 Bounds:Invalid RuntimeGrid:None EditorOnly:0 RuntimeOnly:0 HLODRelevant:0 ListedInSceneOutliner:1 IsMainWorldOnly:1
 |   |   |- Guid:781ADCD149BC65F4C37FF7A90EA8BE80 BaseClass: NativeClass:/Script/Engine.WorldPartitionHLOD Name:Spawner_HLOD0_Instancing_000000002c244627 Label:Spawner_HLOD0_Instancing/Spawner_MainGrid_L0_X0_Y0 SpatiallyLoaded:0 Bounds:IsValid=true, Min=(X=-12800.000 Y=-12800.000 Z=-10.000), Max=(X=12800.000 Y=12800.000 Z=410.000) RuntimeGrid:None EditorOnly:0 RuntimeOnly:1 HLODRelevant:1 ListedInSceneOutliner:1 IsMainWorldOnly:0 FolderPath:HLOD/Spawner_HLOD0_Instancing FolderGuid:08D29E734ED0DA385A7D6EAB0244D849
 |   |   |- Guid:962D6BE34E7839A2A94E65B8F6CE5D43 BaseClass: NativeClass:/Script/Engine.PlayerStart Name:PlayerStart_UAID_F02F74551BF5599B01_1153002503 Label:PlayerStart SpatiallyLoaded:0 Bounds:IsValid=true, Min=(X=-240.000 Y=-40.000 Z=0.000), Max=(X=-160.000 Y=40.000 Z=184.000) RuntimeGrid:None EditorOnly:0 RuntimeOnly:0 HLODRelevant:0 ListedInSceneOutliner:1 IsMainWorldOnly:0
 |   |   |- Guid:AAAC6B5742760A58C2206DB37E44683C BaseClass: NativeClass:/Script/Engine.DirectionalLight Name:DirectionalLight_UAID_A85E45CFE40401D200_1470382761 Label:DirectionalLight SpatiallyLoaded:0 Bounds:IsValid=true, Min=(X=-4398046511104.000 Y=-4398046511104.000 Z=-4398046511104.000), Max=(X=4398046511104.000 Y=4398046511104.000 Z=4398046511104.000) RuntimeGrid:None EditorOnly:0 RuntimeOnly:0 HLODRelevant:0 ListedInSceneOutliner:1 IsMainWorldOnly:0 FolderPath:Lighting FolderGuid:B7E9BD5B45A652654791988DEF54CCEB
 |   |   |- Guid:B8EA820644542DC2128078AAF082FB75 BaseClass: NativeClass:/Script/Spawning.APoolable Name:APoolable_UAID_F46ADD8BD90B40D401_1515792298 Label:APoolable SpatiallyLoaded:1 Bounds:IsValid=true, Min=(X=245.000 Y=-135.000 Z=95.000), Max=(X=295.000 Y=-85.000 Z=105.000) RuntimeGrid:None EditorOnly:0 RuntimeOnly:0 HLODRelevant:1 ListedInSceneOutliner:1 IsMainWorldOnly:0
 |   |   |- Guid:C2B8425D4D3DD09AF1FA4D8A6941A18F BaseClass: NativeClass:/Script/Engine.StaticMeshActor Name:StaticMeshActor_UAID_F46ADD8BD90B3ED401_2069893945 Label:Cube2 SpatiallyLoaded:1 Bounds:IsValid=true, Min=(X=410.000 Y=-250.000 Z=10.000), Max=(X=910.000 Y=250.000 Z=110.000) RuntimeGrid:None EditorOnly:0 RuntimeOnly:0 HLODRelevant:0 ListedInSceneOutliner:1 IsMainWorldOnly:0
 |   |   |- Guid:CD00C53747FD4BCCAF1E8DA3C104369C BaseClass: NativeClass:/Script/Engine.StaticMeshActor Name:StaticMeshActor_UAID_F46ADD8BD90B3ED401_1949957944 Label:Coin SpatiallyLoaded:1 Bounds:IsValid=true, Min=(X=-262.500 Y=367.500 Z=189.500), Max=(X=-237.500 Y=392.500 Z=190.500) RuntimeGrid:None EditorOnly:0 RuntimeOnly:0 HLODRelevant:0 ListedInSceneOutliner:1 IsMainWorldOnly:0
 |   |   |- Guid:D3FB7383421AAEFD3DB6F8B1E415A9FE BaseClass: NativeClass:/Script/Engine.ExponentialHeightFog Name:ExponentialHeightFog_UAID_A85E45CFE40401D200_1470382763 Label:ExponentialHeightFog SpatiallyLoaded:0 Bounds:IsValid=true, Min=(X=-5600.000 Y=-50.000 Z=-6850.000), Max=(X=-5600.000 Y=-50.000 Z=-6850.000) RuntimeGrid:None EditorOnly:0 RuntimeOnly:0 HLODRelevant:0 ListedInSceneOutliner:1 IsMainWorldOnly:0 FolderPath:Lighting FolderGuid:B7E9BD5B45A652654791988DEF54CCEB
 |   |   |- Guid:D5C4D93040A19551B030A79C753585E5 BaseClass: NativeClass:/Script/Engine.Actor Name:Actor_UAID_F46ADD8BD90B38D401_2132757889 Label:Spawner SpatiallyLoaded:1 Bounds:IsValid=true, Min=(X=390.000 Y=10.000 Z=410.000), Max=(X=390.000 Y=10.000 Z=410.000) RuntimeGrid:None EditorOnly:0 RuntimeOnly:0 HLODRelevant:0 ListedInSceneOutliner:1 IsMainWorldOnly:0
 |   |- [+] Clusters:
 |   |   |- [+] [  0]
 |   |   |   |- Guid:03920DF94EEFC9F86CC66185D32A3DA1 BaseClass: NativeClass:/Script/Engine.StaticMeshActor Name:StaticMeshActor_UAID_A4AE111137DC54FB00_1240666663 Label:SM_SkySphere SpatiallyLoaded:0 Bounds:IsValid=true, Min=(X=-1638400.000 Y=-1638400.000 Z=-1638400.000), Max=(X=1638400.000 Y=1638400.000 Z=1638400.000) RuntimeGrid:None EditorOnly:0 RuntimeOnly:0 HLODRelevant:0 ListedInSceneOutliner:1 IsMainWorldOnly:0 FolderPath:Lighting FolderGuid:B7E9BD5B45A652654791988DEF54CCEB
 |   |   |- [+] [  1]
 |   |   |   |- Guid:1A8D00FF409DF6A5EDEBEF9B27AF11A6 BaseClass: NativeClass:/Script/Engine.StaticMeshActor Name:StaticMeshActor_UAID_F46ADD8BD90B38D401_2048172888 Label:Cube SpatiallyLoaded:1 Bounds:IsValid=true, Min=(X=-90.000 Y=-250.000 Z=-10.000), Max=(X=910.000 Y=250.000 Z=10.000) RuntimeGrid:None EditorOnly:0 RuntimeOnly:0 HLODRelevant:1 ListedInSceneOutliner:1 IsMainWorldOnly:0
 |   |   |- [+] [  2]
 |   |   |   |- Guid:1D3D26F04B6DC10BEFB5B69E5CF914C8 BaseClass: NativeClass:/Script/Engine.VolumetricCloud Name:VolumetricCloud_UAID_A85E45CFE40401D200_1470381760 Label:VolumetricCloud SpatiallyLoaded:0 Bounds:IsValid=true, Min=(X=0.000 Y=0.000 Z=0.000), Max=(X=0.000 Y=0.000 Z=0.000) RuntimeGrid:None EditorOnly:0 RuntimeOnly:0 HLODRelevant:0 ListedInSceneOutliner:1 IsMainWorldOnly:0 FolderPath:Lighting FolderGuid:B7E9BD5B45A652654791988DEF54CCEB
 |   |   |- [+] [  3]
 |   |   |   |- Guid:1DE8D7AC4103A2EABA11649C7FCF8ACA BaseClass: NativeClass:/Script/Engine.SkyLight Name:SkyLight_UAID_A85E45CFE40401D200_1470380759 Label:SkyLight SpatiallyLoaded:0 Bounds:IsValid=true, Min=(X=0.000 Y=0.000 Z=0.000), Max=(X=0.000 Y=0.000 Z=0.000) RuntimeGrid:None EditorOnly:0 RuntimeOnly:0 HLODRelevant:0 ListedInSceneOutliner:1 IsMainWorldOnly:0 FolderPath:Lighting FolderGuid:B7E9BD5B45A652654791988DEF54CCEB
 |   |   |- [+] [  4]
 |   |   |   |- Guid:218E3B124735712D7EF272B4FB8E7FF6 BaseClass: NativeClass:/Script/Landscape.Landscape Name:Landscape_UAID_A85E45CFE404FBD100_1221515703 Label:Landscape SpatiallyLoaded:0 Bounds:IsValid=true, Min=(X=-100800.000 Y=-100800.000 Z=100.000), Max=(X=-100800.000 Y=-100800.000 Z=100.000) RuntimeGrid:None EditorOnly:0 RuntimeOnly:0 HLODRelevant:0 ListedInSceneOutliner:1 IsMainWorldOnly:0
 |   |   |- [+] [  5]
 |   |   |   |- Guid:2CE12F874AA39D020A0F4BA5739BD305 BaseClass: NativeClass:/Script/Engine.SkyAtmosphere Name:SkyAtmosphere_UAID_A85E45CFE40401D200_1470382762 Label:SkyAtmosphere SpatiallyLoaded:0 Bounds:IsValid=true, Min=(X=0.000 Y=0.000 Z=0.000), Max=(X=0.000 Y=0.000 Z=0.000) RuntimeGrid:None EditorOnly:0 RuntimeOnly:0 HLODRelevant:0 ListedInSceneOutliner:1 IsMainWorldOnly:0 FolderPath:Lighting FolderGuid:B7E9BD5B45A652654791988DEF54CCEB
 |   |   |- [+] [  6]
 |   |   |   |- Guid:3B79C7D3441832DEA4B054BC32D86BE9 BaseClass: NativeClass:/Script/Engine.Actor Name:Actor_UAID_F46ADD8BD90B40D401_1946814295 Label:Actor SpatiallyLoaded:1 Bounds:IsValid=true, Min=(X=-1020.000 Y=0.000 Z=90.000), Max=(X=-1020.000 Y=0.000 Z=90.000) RuntimeGrid:None EditorOnly:0 RuntimeOnly:0 HLODRelevant:0 ListedInSceneOutliner:1 IsMainWorldOnly:0
 |   |   |- [+] [  7]
 |   |   |   |- Guid:5368FABB47D6D9580DAECA8B0417BF92 BaseClass: NativeClass:/Script/Engine.WorldDataLayers Name:WorldDataLayers Label:WorldDataLayers-1 SpatiallyLoaded:0 Bounds:Invalid RuntimeGrid:None EditorOnly:0 RuntimeOnly:0 HLODRelevant:0 ListedInSceneOutliner:1 IsMainWorldOnly:1
 |   |   |- [+] [  8]
 |   |   |   |- Guid:781ADCD149BC65F4C37FF7A90EA8BE80 BaseClass: NativeClass:/Script/Engine.WorldPartitionHLOD Name:Spawner_HLOD0_Instancing_000000002c244627 Label:Spawner_HLOD0_Instancing/Spawner_MainGrid_L0_X0_Y0 SpatiallyLoaded:0 Bounds:IsValid=true, Min=(X=-12800.000 Y=-12800.000 Z=-10.000), Max=(X=12800.000 Y=12800.000 Z=410.000) RuntimeGrid:None EditorOnly:0 RuntimeOnly:1 HLODRelevant:1 ListedInSceneOutliner:1 IsMainWorldOnly:0 FolderPath:HLOD/Spawner_HLOD0_Instancing FolderGuid:08D29E734ED0DA385A7D6EAB0244D849
 |   |   |- [+] [  9]
 |   |   |   |- Guid:962D6BE34E7839A2A94E65B8F6CE5D43 BaseClass: NativeClass:/Script/Engine.PlayerStart Name:PlayerStart_UAID_F02F74551BF5599B01_1153002503 Label:PlayerStart SpatiallyLoaded:0 Bounds:IsValid=true, Min=(X=-240.000 Y=-40.000 Z=0.000), Max=(X=-160.000 Y=40.000 Z=184.000) RuntimeGrid:None EditorOnly:0 RuntimeOnly:0 HLODRelevant:0 ListedInSceneOutliner:1 IsMainWorldOnly:0
 |   |   |- [+] [ 10]
 |   |   |   |- Guid:AAAC6B5742760A58C2206DB37E44683C BaseClass: NativeClass:/Script/Engine.DirectionalLight Name:DirectionalLight_UAID_A85E45CFE40401D200_1470382761 Label:DirectionalLight SpatiallyLoaded:0 Bounds:IsValid=true, Min=(X=-4398046511104.000 Y=-4398046511104.000 Z=-4398046511104.000), Max=(X=4398046511104.000 Y=4398046511104.000 Z=4398046511104.000) RuntimeGrid:None EditorOnly:0 RuntimeOnly:0 HLODRelevant:0 ListedInSceneOutliner:1 IsMainWorldOnly:0 FolderPath:Lighting FolderGuid:B7E9BD5B45A652654791988DEF54CCEB
 |   |   |- [+] [ 11]
 |   |   |   |- Guid:B8EA820644542DC2128078AAF082FB75 BaseClass: NativeClass:/Script/Spawning.APoolable Name:APoolable_UAID_F46ADD8BD90B40D401_1515792298 Label:APoolable SpatiallyLoaded:1 Bounds:IsValid=true, Min=(X=245.000 Y=-135.000 Z=95.000), Max=(X=295.000 Y=-85.000 Z=105.000) RuntimeGrid:None EditorOnly:0 RuntimeOnly:0 HLODRelevant:1 ListedInSceneOutliner:1 IsMainWorldOnly:0
 |   |   |- [+] [ 12]
 |   |   |   |- Guid:C2B8425D4D3DD09AF1FA4D8A6941A18F BaseClass: NativeClass:/Script/Engine.StaticMeshActor Name:StaticMeshActor_UAID_F46ADD8BD90B3ED401_2069893945 Label:Cube2 SpatiallyLoaded:1 Bounds:IsValid=true, Min=(X=410.000 Y=-250.000 Z=10.000), Max=(X=910.000 Y=250.000 Z=110.000) RuntimeGrid:None EditorOnly:0 RuntimeOnly:0 HLODRelevant:0 ListedInSceneOutliner:1 IsMainWorldOnly:0
 |   |   |- [+] [ 13]
 |   |   |   |- Guid:CD00C53747FD4BCCAF1E8DA3C104369C BaseClass: NativeClass:/Script/Engine.StaticMeshActor Name:StaticMeshActor_UAID_F46ADD8BD90B3ED401_1949957944 Label:Coin SpatiallyLoaded:1 Bounds:IsValid=true, Min=(X=-262.500 Y=367.500 Z=189.500), Max=(X=-237.500 Y=392.500 Z=190.500) RuntimeGrid:None EditorOnly:0 RuntimeOnly:0 HLODRelevant:0 ListedInSceneOutliner:1 IsMainWorldOnly:0
 |   |   |   |- Guid:D5C4D93040A19551B030A79C753585E5 BaseClass: NativeClass:/Script/Engine.Actor Name:Actor_UAID_F46ADD8BD90B38D401_2132757889 Label:Spawner SpatiallyLoaded:1 Bounds:IsValid=true, Min=(X=390.000 Y=10.000 Z=410.000), Max=(X=390.000 Y=10.000 Z=410.000) RuntimeGrid:None EditorOnly:0 RuntimeOnly:0 HLODRelevant:0 ListedInSceneOutliner:1 IsMainWorldOnly:0
 |   |   |- [+] [ 14]
 |   |   |   |- Guid:D3FB7383421AAEFD3DB6F8B1E415A9FE BaseClass: NativeClass:/Script/Engine.ExponentialHeightFog Name:ExponentialHeightFog_UAID_A85E45CFE40401D200_1470382763 Label:ExponentialHeightFog SpatiallyLoaded:0 Bounds:IsValid=true, Min=(X=-5600.000 Y=-50.000 Z=-6850.000), Max=(X=-5600.000 Y=-50.000 Z=-6850.000) RuntimeGrid:None EditorOnly:0 RuntimeOnly:0 HLODRelevant:0 ListedInSceneOutliner:1 IsMainWorldOnly:0 FolderPath:Lighting FolderGuid:B7E9BD5B45A652654791988DEF54CCEB
 |- ContainerInstances:
 |- [+] MainContainer:
 |   |-        ID: 00000000000000000000000000000000
 |   |-  ParentID: 00000000000000000000000000000000
 |   |-    Bounds: IsValid=true, Min=(X=-1020.000 Y=-250.000 Z=-10.000), Max=(X=910.000 Y=392.500 Z=410.000)
 |   |- Transform: 0.000000,0.000000,0.000000|0.000000,0.000000,-0.000000|1.000000,1.000000,1.000000
 |   |- Container: /Game/Spawner
----------------------------------------------------------------------------------------------------------------
Spawner - Persistent Level
----------------------------------------------------------------------------------------------------------------
[+] Content of Spawner Persistent Level
 |- Always loaded Actor Count: 22 
 |- Actor Path: /Game/Spawner.Spawner:PersistentLevel.AbstractNavData-Default
 |- Actor Package: /Game/Spawner
 |- Actor Path: /Game/Spawner.Spawner:PersistentLevel.Actor_UAID_F46ADD8BD90B38D401_2132757889
 |- Actor Package: /Game/__ExternalActors__/Spawner/7/ZP/ZY2S9H2MMPOR94146PJ4N3
 |- Actor Path: /Game/Spawner.Spawner:PersistentLevel.Actor_UAID_F46ADD8BD90B40D401_1946814295
 |- Actor Package: /Game/__ExternalActors__/Spawner/2/XB/M4C2YWKV6LSUDNKEQ8XLH7
 |- Actor Path: /Game/Spawner.Spawner:PersistentLevel.APoolable_UAID_F46ADD8BD90B40D401_1515792298
 |- Actor Package: /Game/__ExternalActors__/Spawner/9/DH/S6C5XIDA836FDXHPKC8XN9
 |- Actor Path: /Game/Spawner.Spawner:PersistentLevel.Brush_0
 |- Actor Package: /Game/Spawner
 |- Actor Path: /Game/Spawner.Spawner:PersistentLevel.DefaultPhysicsVolume_0
 |- Actor Package: /Game/Spawner
 |- Actor Path: /Game/Spawner.Spawner:PersistentLevel.DirectionalLight_UAID_A85E45CFE40401D200_1470382761
 |- Actor Package: /Game/__ExternalActors__/Spawner/6/TI/FT1784113OYHABSYHYZ171
 |- Actor Path: /Game/Spawner.Spawner:PersistentLevel.ExponentialHeightFog_UAID_A85E45CFE40401D200_1470382763
 |- Actor Package: /Game/__ExternalActors__/Spawner/4/XH/6U4NYISPSBEW5EX1J83JFY
 |- Actor Path: /Game/Spawner.Spawner:PersistentLevel.GameplayDebuggerPlayerManager_0
 |- Actor Package: /Game/Spawner
 |- Actor Path: /Game/Spawner.Spawner:PersistentLevel.Landscape_UAID_A85E45CFE404FBD100_1221515703
 |- Actor Package: /Game/__ExternalActors__/Spawner/D/89/816RZU8CZTCIRR9O8AUZPV
 |- Actor Path: /Game/Spawner.Spawner:PersistentLevel.PlayerStart_UAID_F02F74551BF5599B01_1153002503
 |- Actor Package: /Game/__ExternalActors__/Spawner/4/3W/WM4CH38BD27ZPRNU17PHW6
 |- Actor Path: /Game/Spawner.Spawner:PersistentLevel.SkyAtmosphere_UAID_A85E45CFE40401D200_1470382762
 |- Actor Package: /Game/__ExternalActors__/Spawner/1/A9/HJ461CR4R1HSRBK28RUDW5
 |- Actor Path: /Game/Spawner.Spawner:PersistentLevel.SkyLight_UAID_A85E45CFE40401D200_1470380759
 |- Actor Package: /Game/__ExternalActors__/Spawner/5/15/9S6GF02BG6FX0HIADWEM12
 |- Actor Path: /Game/Spawner.Spawner:PersistentLevel.Spawner_HLOD0_Instancing_000000002c244627
 |- Actor Package: /Game/__ExternalActors__/Spawner/6/HT/V3D8EJTO6XC4KZKBVSBO1W
 |- Actor Path: /Game/Spawner.Spawner:PersistentLevel.StaticMeshActor_UAID_A4AE111137DC54FB00_1240666663
 |- Actor Package: /Game/__ExternalActors__/Spawner/0/HU/EXYIUVASK86YERVGXM48BR
 |- Actor Path: /Game/Spawner.Spawner:PersistentLevel.StaticMeshActor_UAID_F46ADD8BD90B38D401_2048172888
 |- Actor Package: /Game/__ExternalActors__/Spawner/1/AF/69OD5UPF6XKHDEASZHJ7UD
 |- Actor Path: /Game/Spawner.Spawner:PersistentLevel.StaticMeshActor_UAID_F46ADD8BD90B3ED401_1949957944
 |- Actor Package: /Game/__ExternalActors__/Spawner/C/6H/HG4K07ETXL2XSE8CEQMT0R
 |- Actor Path: /Game/Spawner.Spawner:PersistentLevel.StaticMeshActor_UAID_F46ADD8BD90B3ED401_2069893945
 |- Actor Package: /Game/__ExternalActors__/Spawner/1/DF/HJKCD69UCNBXP4NKD0VQFY
 |- Actor Path: /Game/Spawner.Spawner:PersistentLevel.VolumetricCloud_UAID_A85E45CFE40401D200_1470381760
 |- Actor Package: /Game/__ExternalActors__/Spawner/5/E9/IDUALO5TXLH8P0FLZVE1BC
 |- Actor Path: /Game/Spawner.Spawner:PersistentLevel.WorldDataLayers
 |- Actor Package: /Game/__ExternalActors__/Spawner/1/TD/07TF8YK31Z9QIU5Y447OLN
 |- Actor Path: /Game/Spawner.Spawner:PersistentLevel.WorldPartitionMiniMap_UAID_3497F631D5890DD300_1296925927
 |- Actor Package: /Game/__ExternalActors__/Spawner/9/KZ/ISZ29I95A75XHMM5J3V3UD
 |- Actor Path: /Game/Spawner.Spawner:PersistentLevel.WorldSettings
 |- Actor Package: /Game/Spawner

----------------------------------------------------------------------------------------------------------------
Spawner - Runtime Spatial Hash - Streaming Grid - MainGrid
----------------------------------------------------------------------------------------------------------------
            Origin: X=0.000 Y=0.000 Z=0.000
         Cell Size: 25600
      World Bounds: IsValid=true, Min=(X=-1020.000 Y=-250.000 Z=-10.000), Max=(X=910.000 Y=392.500 Z=410.000)
     Loading Range: 76800.00
Block Slow Loading: No
 ClientOnlyVisible: No
            Origin: X=0.000 Y=0.000 Z=0.000

[+] Grid Levels: 2
 |- Level  0: Cell Count    1 | Cell Size   25600 | Actor Count    6 (100.0%)
 |- Level  1: Cell Count    0 | Cell Size   51200 | Actor Count    0 (0.0%)

[+] Content of Grid Level 0
 |- [+] Content of Cell Spawner_MainGrid_L0_X0_Y0 (524T13T635Y8H3T84KQGSY8T8)
 |   |- Actor Count: 6
 |   |-          Actor Path: /Game/Spawner.Spawner:PersistentLevel.StaticMeshActor_UAID_F46ADD8BD90B38D401_2048172888
 |   |-       Actor Package: /Game/__ExternalActors__/Spawner/1/AF/69OD5UPF6XKHDEASZHJ7UD
 |   |- Actor Instance Guid: 1A8D00FF409DF6A5EDEBEF9B27AF11A6
 |   |-          Actor Path: /Game/Spawner.Spawner:PersistentLevel.Actor_UAID_F46ADD8BD90B40D401_1946814295
 |   |-       Actor Package: /Game/__ExternalActors__/Spawner/2/XB/M4C2YWKV6LSUDNKEQ8XLH7
 |   |- Actor Instance Guid: 3B79C7D3441832DEA4B054BC32D86BE9
 |   |-          Actor Path: /Game/Spawner.Spawner:PersistentLevel.APoolable_UAID_F46ADD8BD90B40D401_1515792298
 |   |-       Actor Package: /Game/__ExternalActors__/Spawner/9/DH/S6C5XIDA836FDXHPKC8XN9
 |   |- Actor Instance Guid: B8EA820644542DC2128078AAF082FB75
 |   |-          Actor Path: /Game/Spawner.Spawner:PersistentLevel.StaticMeshActor_UAID_F46ADD8BD90B3ED401_2069893945
 |   |-       Actor Package: /Game/__ExternalActors__/Spawner/1/DF/HJKCD69UCNBXP4NKD0VQFY
 |   |- Actor Instance Guid: C2B8425D4D3DD09AF1FA4D8A6941A18F
 |   |-          Actor Path: /Game/Spawner.Spawner:PersistentLevel.StaticMeshActor_UAID_F46ADD8BD90B3ED401_1949957944
 |   |-       Actor Package: /Game/__ExternalActors__/Spawner/C/6H/HG4K07ETXL2XSE8CEQMT0R
 |   |- Actor Instance Guid: CD00C53747FD4BCCAF1E8DA3C104369C
 |   |-          Actor Path: /Game/Spawner.Spawner:PersistentLevel.Actor_UAID_F46ADD8BD90B38D401_2132757889
 |   |-       Actor Package: /Game/__ExternalActors__/Spawner/7/ZP/ZY2S9H2MMPOR94146PJ4N3
 |   |- Actor Instance Guid: D5C4D93040A19551B030A79C753585E5
[+] Content of Grid Level 1

